<?xml version="1.0" encoding="UTF-8"?>
<testng-results ignored="0" total="1" passed="1" failed="0" skipped="0">
  <reporter-output>
  </reporter-output>
  <suite started-at="2023-08-24T15:13:02 IST" name="Default suite" finished-at="2023-08-24T15:13:10 IST" duration-ms="8017">
    <groups>
    </groups>
    <test started-at="2023-08-24T15:13:02 IST" name="Default test" finished-at="2023-08-24T15:13:10 IST" duration-ms="8017">
      <class name="Engineering.SomTest">
        <test-method signature="Quaterpintest()[pri:0, instance:Engineering.SomTest@1349883]" started-at="2023-08-24T15:13:02 IST" name="Quaterpintest" finished-at="2023-08-24T15:13:10 IST" duration-ms="7973" status="PASS">
          <reporter-output>
          </reporter-output>
        </test-method> <!-- Quaterpintest -->
      </class> <!-- Engineering.SomTest -->
    </test> <!-- Default test -->
  </suite> <!-- Default suite -->
</testng-results>
